2021-12-16 13:23:55,188 +0530 [main] INFO  (Main.java:45) - Reading data from the log file... C:\\Users\\username\\solution\\src\\main\\resources\\logs\\logfile.txt
2021-12-16 13:44:26,396 +0530 [main] INFO  (Main.java:45) - Reading data from the log file... C:\\Users\\username\\solution\\src\\main\\resources\\logs\\logfile.txt
2021-12-16 13:44:26,471 +0530 [main] INFO  (Main.java:56) - Reading data file completed...
2021-12-16 13:44:26,472 +0530 [main] INFO  (Main.java:121) - Finding Longer events and storing them into DB...
2021-12-16 13:44:26,473 +0530 [main] INFO  (DBUtils.java:11) - Creating DB connection...
2021-12-16 13:44:26,486 +0530 [main] INFO  (DBUtils.java:15) - DB Connection successful...
2021-12-16 13:44:26,487 +0530 [main] INFO  (Main.java:127) - Event Id : scsmbstgrb
2021-12-16 13:44:26,489 +0530 [main] INFO  (Main.java:128) - Event Duration : 1
2021-12-16 13:44:26,492 +0530 [main] INFO  (Main.java:129) - Event Type : APPLICATION_LOG
2021-12-16 13:44:26,493 +0530 [main] INFO  (Main.java:130) - Event Host : null
2021-12-16 13:44:26,493 +0530 [main] INFO  (Main.java:135) - Event Alert : False
2021-12-16 13:44:26,509 +0530 [main] DEBUG (Main.java:143) - eventData : scsmbstgrb,1,APPLICATION_LOG,null,False
2021-12-16 13:44:26,509 +0530 [main] INFO  (Main.java:162) - Gradle task started...C:\Users\username\solution\gradlew.bat insertDataIntoDB -DeventData=scsmbstgrb,1,APPLICATION_LOG,null,False
2021-12-16 13:44:26,515 +0530 [main] INFO  (Main.java:165) - Gradle task completed...C:\Users\username\solution\gradlew.bat insertDataIntoDB -DeventData=scsmbstgrb,1,APPLICATION_LOG,null,False
2021-12-16 13:44:26,515 +0530 [main] INFO  (Main.java:127) - Event Id : scsmbstgrc
2021-12-16 13:44:26,515 +0530 [main] INFO  (Main.java:128) - Event Duration : 7
2021-12-16 13:44:26,515 +0530 [main] INFO  (Main.java:129) - Event Type : APPLICATION_LOG
2021-12-16 13:44:26,518 +0530 [main] INFO  (Main.java:130) - Event Host : 12345
2021-12-16 13:44:26,518 +0530 [main] INFO  (Main.java:132) - Event Alert : True
2021-12-16 13:44:26,519 +0530 [main] DEBUG (Main.java:143) - eventData : scsmbstgrc,7,APPLICATION_LOG,12345,True
2021-12-16 13:44:26,519 +0530 [main] INFO  (Main.java:162) - Gradle task started...C:\Users\username\solution\gradlew.bat insertDataIntoDB -DeventData=scsmbstgrc,7,APPLICATION_LOG,12345,True
2021-12-16 13:44:26,525 +0530 [main] INFO  (Main.java:165) - Gradle task completed...C:\Users\username\solution\gradlew.bat insertDataIntoDB -DeventData=scsmbstgrc,7,APPLICATION_LOG,12345,True
2021-12-16 13:46:54,795 +0530 [main] INFO  (Main.java:45) - Reading data from the log file... C:\\Users\\username\\solution\\src\\main\\resources\\logs\\logfile.txt
2021-12-16 13:46:54,887 +0530 [main] INFO  (Main.java:56) - Reading data file completed...
2021-12-16 13:46:54,887 +0530 [main] INFO  (Main.java:121) - Finding Longer events and storing them into DB...
2021-12-16 13:46:54,889 +0530 [main] INFO  (DBUtils.java:11) - Creating DB connection...
2021-12-16 13:46:54,907 +0530 [main] INFO  (DBUtils.java:15) - DB Connection successful...
2021-12-16 13:46:54,907 +0530 [main] INFO  (Main.java:127) - Event Id : scsmbstgrb
2021-12-16 13:46:54,910 +0530 [main] INFO  (Main.java:128) - Event Duration : 1
2021-12-16 13:46:54,912 +0530 [main] INFO  (Main.java:129) - Event Type : APPLICATION_LOG
2021-12-16 13:46:54,913 +0530 [main] INFO  (Main.java:130) - Event Host : null
2021-12-16 13:46:54,914 +0530 [main] INFO  (Main.java:135) - Event Alert : False
2021-12-16 13:46:54,928 +0530 [main] DEBUG (Main.java:143) - eventData : scsmbstgrb,1,APPLICATION_LOG,null,False
2021-12-16 13:46:54,928 +0530 [main] INFO  (Main.java:146) - Insert Data into HSQL DB using gradle task : [insertDataIntoDB]
2021-12-16 13:46:54,928 +0530 [main] INFO  (Main.java:163) - Gradle task started...C:\Users\username\solution\gradlew.bat insertDataIntoDB -DeventData=scsmbstgrb,1,APPLICATION_LOG,null,False
2021-12-16 13:46:54,934 +0530 [main] INFO  (Main.java:166) - Gradle task completed...C:\Users\username\solution\gradlew.bat insertDataIntoDB -DeventData=scsmbstgrb,1,APPLICATION_LOG,null,False
2021-12-16 13:46:54,934 +0530 [main] INFO  (Main.java:127) - Event Id : scsmbstgrc
2021-12-16 13:46:54,934 +0530 [main] INFO  (Main.java:128) - Event Duration : 7
2021-12-16 13:46:54,936 +0530 [main] INFO  (Main.java:129) - Event Type : APPLICATION_LOG
2021-12-16 13:46:54,936 +0530 [main] INFO  (Main.java:130) - Event Host : 12345
2021-12-16 13:46:54,937 +0530 [main] INFO  (Main.java:132) - Event Alert : True
2021-12-16 13:46:54,938 +0530 [main] DEBUG (Main.java:143) - eventData : scsmbstgrc,7,APPLICATION_LOG,12345,True
2021-12-16 13:46:54,938 +0530 [main] INFO  (Main.java:146) - Insert Data into HSQL DB using gradle task : [insertDataIntoDB]
2021-12-16 13:46:54,938 +0530 [main] INFO  (Main.java:163) - Gradle task started...C:\Users\username\solution\gradlew.bat insertDataIntoDB -DeventData=scsmbstgrc,7,APPLICATION_LOG,12345,True
2021-12-16 13:46:54,942 +0530 [main] INFO  (Main.java:166) - Gradle task completed...C:\Users\username\solution\gradlew.bat insertDataIntoDB -DeventData=scsmbstgrc,7,APPLICATION_LOG,12345,True
2021-12-16 13:47:59,524 +0530 [main] INFO  (Main.java:45) - Reading data from the log file... C:\\Users\\username\\solution\\src\\main\\resources\\logs\\logfile.txt
2021-12-16 13:47:59,599 +0530 [main] INFO  (Main.java:56) - Reading data file completed...
2021-12-16 13:47:59,599 +0530 [main] INFO  (Main.java:121) - Finding Longer events and storing them into DB...
2021-12-16 13:47:59,600 +0530 [main] INFO  (DBUtils.java:11) - Creating DB connection...
2021-12-16 13:47:59,614 +0530 [main] INFO  (DBUtils.java:15) - DB Connection successful...
2021-12-16 13:47:59,614 +0530 [main] INFO  (Main.java:127) - Event Id : scsmbstgrb
2021-12-16 13:47:59,617 +0530 [main] INFO  (Main.java:128) - Event Duration : 1
2021-12-16 13:47:59,620 +0530 [main] INFO  (Main.java:129) - Event Type : APPLICATION_LOG
2021-12-16 13:47:59,621 +0530 [main] INFO  (Main.java:130) - Event Host : null
2021-12-16 13:47:59,621 +0530 [main] INFO  (Main.java:135) - Event Alert : False
2021-12-16 13:47:59,633 +0530 [main] DEBUG (Main.java:143) - eventData : scsmbstgrb,1,APPLICATION_LOG,null,False
2021-12-16 13:47:59,633 +0530 [main] INFO  (Main.java:146) - *****************Insert Data into HSQL DB using gradle task : [insertDataIntoDB]**************
2021-12-16 13:47:59,634 +0530 [main] INFO  (Main.java:163) - Gradle task started...C:\Users\username\solution\gradlew.bat insertDataIntoDB -DeventData=scsmbstgrb,1,APPLICATION_LOG,null,False
2021-12-16 13:47:59,639 +0530 [main] INFO  (Main.java:166) - Gradle task completed...C:\Users\username\solution\gradlew.bat insertDataIntoDB -DeventData=scsmbstgrb,1,APPLICATION_LOG,null,False
2021-12-16 13:47:59,639 +0530 [main] INFO  (Main.java:127) - Event Id : scsmbstgrc
2021-12-16 13:47:59,640 +0530 [main] INFO  (Main.java:128) - Event Duration : 7
2021-12-16 13:47:59,642 +0530 [main] INFO  (Main.java:129) - Event Type : APPLICATION_LOG
2021-12-16 13:47:59,643 +0530 [main] INFO  (Main.java:130) - Event Host : 12345
2021-12-16 13:47:59,643 +0530 [main] INFO  (Main.java:132) - Event Alert : True
2021-12-16 13:47:59,643 +0530 [main] DEBUG (Main.java:143) - eventData : scsmbstgrc,7,APPLICATION_LOG,12345,True
2021-12-16 13:47:59,643 +0530 [main] INFO  (Main.java:146) - *****************Insert Data into HSQL DB using gradle task : [insertDataIntoDB]**************
2021-12-16 13:47:59,644 +0530 [main] INFO  (Main.java:163) - Gradle task started...C:\Users\username\solution\gradlew.bat insertDataIntoDB -DeventData=scsmbstgrc,7,APPLICATION_LOG,12345,True
2021-12-16 13:47:59,651 +0530 [main] INFO  (Main.java:166) - Gradle task completed...C:\Users\username\solution\gradlew.bat insertDataIntoDB -DeventData=scsmbstgrc,7,APPLICATION_LOG,12345,True
2021-12-16 13:51:27,113 +0530 [main] INFO  (Main.java:45) - Reading data from the log file... C:\\Users\\username\\solution\\src\\main\\resources\\logs\\logfile.txt
2021-12-16 13:51:27,189 +0530 [main] INFO  (Main.java:56) - Reading data file completed...
2021-12-16 13:51:27,189 +0530 [main] INFO  (Main.java:121) - Finding Longer events and storing them into DB...
2021-12-16 13:51:27,190 +0530 [main] INFO  (DBUtils.java:11) - Creating DB connection...
2021-12-16 13:51:27,203 +0530 [main] INFO  (DBUtils.java:15) - DB Connection successful...
2021-12-16 13:51:27,203 +0530 [main] INFO  (Main.java:127) - Event Id : scsmbstgrb
2021-12-16 13:51:27,206 +0530 [main] INFO  (Main.java:128) - Event Duration : 1
2021-12-16 13:51:27,209 +0530 [main] INFO  (Main.java:129) - Event Type : APPLICATION_LOG
2021-12-16 13:51:27,210 +0530 [main] INFO  (Main.java:130) - Event Host : null
2021-12-16 13:51:27,210 +0530 [main] INFO  (Main.java:135) - Event Alert : False
2021-12-16 13:51:27,223 +0530 [main] DEBUG (Main.java:143) - eventData : scsmbstgrb,1,APPLICATION_LOG,null,False
2021-12-16 13:51:27,224 +0530 [main] INFO  (Main.java:146) - ***************** Insert Data into HSQL DB using gradle task : [insertDataIntoDB] **************
2021-12-16 13:51:27,224 +0530 [main] INFO  (Main.java:165) - Gradle task started...C:\Users\username\solution\gradlew.bat insertDataIntoDB -DeventData=scsmbstgrb,1,APPLICATION_LOG,null,False
2021-12-16 13:51:27,229 +0530 [main] INFO  (Main.java:168) - Gradle task completed...C:\Users\username\solution\gradlew.bat insertDataIntoDB -DeventData=scsmbstgrb,1,APPLICATION_LOG,null,False
2021-12-16 13:51:27,229 +0530 [main] INFO  (Main.java:165) - Gradle task started...C:\Users\username\solution\gradlew.bat readDBTable
2021-12-16 13:51:27,234 +0530 [main] INFO  (Main.java:168) - Gradle task completed...C:\Users\username\solution\gradlew.bat readDBTable
2021-12-16 13:51:27,237 +0530 [main] INFO  (Main.java:127) - Event Id : scsmbstgrc
2021-12-16 13:51:27,237 +0530 [main] INFO  (Main.java:128) - Event Duration : 7
2021-12-16 13:51:27,238 +0530 [main] INFO  (Main.java:129) - Event Type : APPLICATION_LOG
2021-12-16 13:51:27,238 +0530 [main] INFO  (Main.java:130) - Event Host : 12345
2021-12-16 13:51:27,238 +0530 [main] INFO  (Main.java:132) - Event Alert : True
2021-12-16 13:51:27,238 +0530 [main] DEBUG (Main.java:143) - eventData : scsmbstgrc,7,APPLICATION_LOG,12345,True
2021-12-16 13:51:27,238 +0530 [main] INFO  (Main.java:146) - ***************** Insert Data into HSQL DB using gradle task : [insertDataIntoDB] **************
2021-12-16 13:51:27,238 +0530 [main] INFO  (Main.java:165) - Gradle task started...C:\Users\username\solution\gradlew.bat insertDataIntoDB -DeventData=scsmbstgrc,7,APPLICATION_LOG,12345,True
2021-12-16 13:51:27,248 +0530 [main] INFO  (Main.java:168) - Gradle task completed...C:\Users\username\solution\gradlew.bat insertDataIntoDB -DeventData=scsmbstgrc,7,APPLICATION_LOG,12345,True
2021-12-16 13:51:27,248 +0530 [main] INFO  (Main.java:165) - Gradle task started...C:\Users\username\solution\gradlew.bat readDBTable
2021-12-16 13:51:27,254 +0530 [main] INFO  (Main.java:168) - Gradle task completed...C:\Users\username\solution\gradlew.bat readDBTable
2021-12-16 13:51:57,625 +0530 [main] INFO  (Main.java:45) - Reading data from the log file... C:\\Users\\username\\solution\\src\\main\\resources\\logs\\logfile.txt
2021-12-16 13:51:57,702 +0530 [main] INFO  (Main.java:56) - Reading data file completed...
2021-12-16 13:51:57,702 +0530 [main] INFO  (Main.java:121) - Finding Longer events and storing them into DB...
2021-12-16 13:51:57,703 +0530 [main] INFO  (DBUtils.java:11) - Creating DB connection...
2021-12-16 13:51:57,717 +0530 [main] INFO  (DBUtils.java:15) - DB Connection successful...
2021-12-16 13:51:57,718 +0530 [main] INFO  (Main.java:127) - Event Id : scsmbstgrb
2021-12-16 13:51:57,721 +0530 [main] INFO  (Main.java:128) - Event Duration : 1
2021-12-16 13:51:57,723 +0530 [main] INFO  (Main.java:129) - Event Type : APPLICATION_LOG
2021-12-16 13:51:57,724 +0530 [main] INFO  (Main.java:130) - Event Host : null
2021-12-16 13:51:57,724 +0530 [main] INFO  (Main.java:135) - Event Alert : False
2021-12-16 13:51:57,741 +0530 [main] DEBUG (Main.java:143) - eventData : scsmbstgrb,1,APPLICATION_LOG,null,False
2021-12-16 13:51:57,742 +0530 [main] INFO  (Main.java:146) - ***************** Insert Data into HSQL DB using gradle task : [insertDataIntoDB] **************
2021-12-16 13:51:57,742 +0530 [main] INFO  (Main.java:165) - Gradle task started...C:\Users\username\solution\gradlew.bat insertDataIntoDB -DeventData=scsmbstgrb,1,APPLICATION_LOG,null,False
2021-12-16 13:51:57,747 +0530 [main] INFO  (Main.java:168) - Gradle task completed...C:\Users\username\solution\gradlew.bat insertDataIntoDB -DeventData=scsmbstgrb,1,APPLICATION_LOG,null,False
2021-12-16 13:51:57,747 +0530 [main] INFO  (Main.java:165) - Gradle task started...C:\Users\username\solution\gradlew.bat readDBTable
2021-12-16 13:51:57,753 +0530 [main] INFO  (Main.java:168) - Gradle task completed...C:\Users\username\solution\gradlew.bat readDBTable
2021-12-16 13:51:57,756 +0530 [main] INFO  (Main.java:127) - Event Id : scsmbstgrc
2021-12-16 13:51:57,757 +0530 [main] INFO  (Main.java:128) - Event Duration : 7
2021-12-16 13:51:57,757 +0530 [main] INFO  (Main.java:129) - Event Type : APPLICATION_LOG
2021-12-16 13:51:57,757 +0530 [main] INFO  (Main.java:130) - Event Host : 12345
2021-12-16 13:51:57,758 +0530 [main] INFO  (Main.java:132) - Event Alert : True
2021-12-16 13:51:57,758 +0530 [main] DEBUG (Main.java:143) - eventData : scsmbstgrc,7,APPLICATION_LOG,12345,True
2021-12-16 13:51:57,758 +0530 [main] INFO  (Main.java:146) - ***************** Insert Data into HSQL DB using gradle task : [insertDataIntoDB] **************
2021-12-16 13:51:57,759 +0530 [main] INFO  (Main.java:165) - Gradle task started...C:\Users\username\solution\gradlew.bat insertDataIntoDB -DeventData=scsmbstgrc,7,APPLICATION_LOG,12345,True
2021-12-16 13:51:57,765 +0530 [main] INFO  (Main.java:168) - Gradle task completed...C:\Users\username\solution\gradlew.bat insertDataIntoDB -DeventData=scsmbstgrc,7,APPLICATION_LOG,12345,True
2021-12-16 13:51:57,765 +0530 [main] INFO  (Main.java:165) - Gradle task started...C:\Users\username\solution\gradlew.bat readDBTable
2021-12-16 13:51:57,774 +0530 [main] INFO  (Main.java:168) - Gradle task completed...C:\Users\username\solution\gradlew.bat readDBTable
2021-12-16 14:05:28,314 +0530 [main] INFO  (Main.java:45) - Reading data from the log file... C:\\Users\\username\\solution\\src\\main\\resources\\logs\\logfile.txt
2021-12-16 14:05:28,390 +0530 [main] INFO  (Main.java:56) - Reading data file completed...
2021-12-16 14:05:28,390 +0530 [main] INFO  (Main.java:121) - Finding Longer events and storing them into DB...
2021-12-16 14:05:28,390 +0530 [main] INFO  (DBUtils.java:11) - Creating DB connection...
2021-12-16 14:05:28,407 +0530 [main] INFO  (DBUtils.java:15) - DB Connection successful...
2021-12-16 14:05:28,407 +0530 [main] INFO  (Main.java:127) - Event Id : scsmbstgrb
2021-12-16 14:05:28,407 +0530 [main] INFO  (Main.java:128) - Event Duration : 1
2021-12-16 14:05:28,414 +0530 [main] INFO  (Main.java:129) - Event Type : APPLICATION_LOG
2021-12-16 14:05:28,414 +0530 [main] INFO  (Main.java:130) - Event Host : null
2021-12-16 14:05:28,414 +0530 [main] INFO  (Main.java:135) - Event Alert : False
2021-12-16 14:05:28,427 +0530 [main] DEBUG (Main.java:143) - eventData : scsmbstgrb,1,APPLICATION_LOG,null,False
2021-12-16 14:05:28,427 +0530 [main] INFO  (Main.java:146) - ***************** Insert Data into HSQL DB using gradle task : [insertDataIntoDB] **************
2021-12-16 14:05:28,427 +0530 [main] INFO  (Main.java:164) - Gradle task started...C:\Users\username\solution\gradlew.bat insertDataIntoDB -DeventData=scsmbstgrb,1,APPLICATION_LOG,null,False
2021-12-16 14:05:28,435 +0530 [main] INFO  (Main.java:167) - Gradle task completed...C:\Users\username\solution\gradlew.bat insertDataIntoDB -DeventData=scsmbstgrb,1,APPLICATION_LOG,null,False
2021-12-16 14:05:28,435 +0530 [main] INFO  (Main.java:127) - Event Id : scsmbstgrc
2021-12-16 14:05:28,435 +0530 [main] INFO  (Main.java:128) - Event Duration : 7
2021-12-16 14:05:28,435 +0530 [main] INFO  (Main.java:129) - Event Type : APPLICATION_LOG
2021-12-16 14:05:28,435 +0530 [main] INFO  (Main.java:130) - Event Host : 12345
2021-12-16 14:05:28,435 +0530 [main] INFO  (Main.java:132) - Event Alert : True
2021-12-16 14:05:28,435 +0530 [main] DEBUG (Main.java:143) - eventData : scsmbstgrc,7,APPLICATION_LOG,12345,True
2021-12-16 14:05:28,439 +0530 [main] INFO  (Main.java:146) - ***************** Insert Data into HSQL DB using gradle task : [insertDataIntoDB] **************
2021-12-16 14:05:28,439 +0530 [main] INFO  (Main.java:164) - Gradle task started...C:\Users\username\solution\gradlew.bat insertDataIntoDB -DeventData=scsmbstgrc,7,APPLICATION_LOG,12345,True
2021-12-16 14:05:28,442 +0530 [main] INFO  (Main.java:167) - Gradle task completed...C:\Users\username\solution\gradlew.bat insertDataIntoDB -DeventData=scsmbstgrc,7,APPLICATION_LOG,12345,True
2021-12-16 14:11:06,020 +0530 [main] INFO  (Main.java:45) - Reading data from the log file... C:\\Users\\username\\solution\\src\\main\\resources\\logs\\logfile.txt
2021-12-16 14:11:06,096 +0530 [main] INFO  (Main.java:56) - Reading data file completed...
2021-12-16 14:11:06,096 +0530 [main] INFO  (Main.java:121) - Finding Longer events and storing them into DB...
2021-12-16 14:11:06,096 +0530 [main] INFO  (DBUtils.java:11) - Creating DB connection...
2021-12-16 14:11:06,111 +0530 [main] INFO  (DBUtils.java:15) - DB Connection successful...
2021-12-16 14:11:06,116 +0530 [main] INFO  (Main.java:127) - Event Id : scsmbstgrb
2021-12-16 14:11:06,117 +0530 [main] INFO  (Main.java:128) - Event Duration : 1
2021-12-16 14:11:06,117 +0530 [main] INFO  (Main.java:129) - Event Type : APPLICATION_LOG
2021-12-16 14:11:06,117 +0530 [main] INFO  (Main.java:130) - Event Host : null
2021-12-16 14:11:06,117 +0530 [main] INFO  (Main.java:135) - Event Alert : False
2021-12-16 14:11:06,128 +0530 [main] DEBUG (Main.java:143) - eventData : scsmbstgrb,1,APPLICATION_LOG,null,False
2021-12-16 14:11:06,128 +0530 [main] INFO  (Main.java:146) - ***************** Insert Data into HSQL DB using gradle task : [insertDataIntoDB] **************
2021-12-16 14:11:06,128 +0530 [main] INFO  (Main.java:164) - Gradle task started...C:\Users\username\solution\gradlew.bat insertDataIntoDB -DeventData=scsmbstgrb,1,APPLICATION_LOG,null,False
2021-12-16 14:11:06,138 +0530 [main] INFO  (Main.java:167) - Gradle task completed...C:\Users\username\solution\gradlew.bat insertDataIntoDB -DeventData=scsmbstgrb,1,APPLICATION_LOG,null,False
2021-12-16 14:11:06,138 +0530 [main] INFO  (Main.java:127) - Event Id : scsmbstgrc
2021-12-16 14:11:06,138 +0530 [main] INFO  (Main.java:128) - Event Duration : 7
2021-12-16 14:11:06,138 +0530 [main] INFO  (Main.java:129) - Event Type : APPLICATION_LOG
2021-12-16 14:11:06,138 +0530 [main] INFO  (Main.java:130) - Event Host : 12345
2021-12-16 14:11:06,138 +0530 [main] INFO  (Main.java:132) - Event Alert : True
2021-12-16 14:11:06,138 +0530 [main] DEBUG (Main.java:143) - eventData : scsmbstgrc,7,APPLICATION_LOG,12345,True
2021-12-16 14:11:06,138 +0530 [main] INFO  (Main.java:146) - ***************** Insert Data into HSQL DB using gradle task : [insertDataIntoDB] **************
2021-12-16 14:11:06,138 +0530 [main] INFO  (Main.java:164) - Gradle task started...C:\Users\username\solution\gradlew.bat insertDataIntoDB -DeventData=scsmbstgrc,7,APPLICATION_LOG,12345,True
2021-12-16 14:11:06,148 +0530 [main] INFO  (Main.java:167) - Gradle task completed...C:\Users\username\solution\gradlew.bat insertDataIntoDB -DeventData=scsmbstgrc,7,APPLICATION_LOG,12345,True
2021-12-16 14:26:38,628 +0530 [main] INFO  (Main.java:43) - Reading data from the log file... C:\\Users\\username\\solution\\src\\main\\resources\\logs\\logfile.txt
2021-12-16 14:26:38,699 +0530 [main] INFO  (Main.java:55) - Reading data file completed...
2021-12-16 14:26:38,699 +0530 [main] INFO  (Main.java:107) - Finding Longer events and storing them into DB...
2021-12-16 14:26:38,708 +0530 [main] INFO  (DBUtils.java:12) - Creating DB connection...
2021-12-16 14:26:38,721 +0530 [main] INFO  (DBUtils.java:17) - DB Connection successful...
2021-12-16 14:26:38,721 +0530 [main] INFO  (Main.java:114) - Event Id : scsmbstgrb
2021-12-16 14:26:38,724 +0530 [main] INFO  (Main.java:115) - Event Duration : 1
2021-12-16 14:26:38,724 +0530 [main] INFO  (Main.java:116) - Event Type : APPLICATION_LOG
2021-12-16 14:26:38,724 +0530 [main] INFO  (Main.java:117) - Event Host : null
2021-12-16 14:26:38,724 +0530 [main] INFO  (Main.java:122) - Event Alert : False
2021-12-16 14:26:38,735 +0530 [main] DEBUG (Main.java:130) - eventData : scsmbstgrb,1,APPLICATION_LOG,null,False
2021-12-16 14:26:38,735 +0530 [main] INFO  (Main.java:134) - ***************** Insert Data into HSQL DB using gradle task : [insertDataIntoDB] **************
2021-12-16 14:26:38,735 +0530 [main] INFO  (Main.java:152) - Gradle task started...C:\Users\username\solution\gradlew.bat insertDataIntoDB -DeventData=scsmbstgrb,1,APPLICATION_LOG,null,False
2021-12-16 14:26:38,744 +0530 [main] INFO  (Main.java:155) - Gradle task completed...C:\Users\username\solution\gradlew.bat insertDataIntoDB -DeventData=scsmbstgrb,1,APPLICATION_LOG,null,False
2021-12-16 14:26:38,744 +0530 [main] INFO  (Main.java:114) - Event Id : scsmbstgrc
2021-12-16 14:26:38,744 +0530 [main] INFO  (Main.java:115) - Event Duration : 7
2021-12-16 14:26:38,744 +0530 [main] INFO  (Main.java:116) - Event Type : APPLICATION_LOG
2021-12-16 14:26:38,747 +0530 [main] INFO  (Main.java:117) - Event Host : 12345
2021-12-16 14:26:38,747 +0530 [main] INFO  (Main.java:119) - Event Alert : True
2021-12-16 14:26:38,747 +0530 [main] DEBUG (Main.java:130) - eventData : scsmbstgrc,7,APPLICATION_LOG,12345,True
2021-12-16 14:26:38,747 +0530 [main] INFO  (Main.java:134) - ***************** Insert Data into HSQL DB using gradle task : [insertDataIntoDB] **************
2021-12-16 14:26:38,747 +0530 [main] INFO  (Main.java:152) - Gradle task started...C:\Users\username\solution\gradlew.bat insertDataIntoDB -DeventData=scsmbstgrc,7,APPLICATION_LOG,12345,True
2021-12-16 14:26:38,754 +0530 [main] INFO  (Main.java:155) - Gradle task completed...C:\Users\username\solution\gradlew.bat insertDataIntoDB -DeventData=scsmbstgrc,7,APPLICATION_LOG,12345,True
2021-12-16 14:29:51,464 +0530 [main] INFO  (Main.java:43) - Reading data from the log file... C:\\Users\\username\\solution\\src\\main\\resources\\logs\\logfile.txt
2021-12-16 14:29:51,537 +0530 [main] INFO  (Main.java:55) - Reading data file completed...
2021-12-16 14:29:51,537 +0530 [main] INFO  (Main.java:107) - Finding Longer events and storing them into DB...
2021-12-16 14:29:51,544 +0530 [main] INFO  (DBUtils.java:12) - Creating DB connection...
2021-12-16 14:29:51,545 +0530 [main] INFO  (DBUtils.java:13) - Project root is C:\Users\username\solution
2021-12-16 14:29:51,557 +0530 [main] INFO  (DBUtils.java:18) - DB Connection successful...
2021-12-16 14:29:51,561 +0530 [main] INFO  (Main.java:114) - Event Id : scsmbstgrb
2021-12-16 14:29:51,563 +0530 [main] INFO  (Main.java:115) - Event Duration : 1
2021-12-16 14:29:51,566 +0530 [main] INFO  (Main.java:116) - Event Type : APPLICATION_LOG
2021-12-16 14:29:51,566 +0530 [main] INFO  (Main.java:117) - Event Host : null
2021-12-16 14:29:51,566 +0530 [main] INFO  (Main.java:122) - Event Alert : False
2021-12-16 14:29:51,584 +0530 [main] DEBUG (Main.java:130) - eventData : scsmbstgrb,1,APPLICATION_LOG,null,False
2021-12-16 14:29:51,584 +0530 [main] INFO  (Main.java:134) - ***************** Insert Data into HSQL DB using gradle task : [insertDataIntoDB] **************
2021-12-16 14:29:51,584 +0530 [main] INFO  (Main.java:152) - Gradle task started...C:\Users\username\solution\gradlew.bat insertDataIntoDB -DeventData=scsmbstgrb,1,APPLICATION_LOG,null,False
2021-12-16 14:29:51,592 +0530 [main] INFO  (Main.java:155) - Gradle task completed...C:\Users\username\solution\gradlew.bat insertDataIntoDB -DeventData=scsmbstgrb,1,APPLICATION_LOG,null,False
2021-12-16 14:29:51,592 +0530 [main] INFO  (Main.java:114) - Event Id : scsmbstgrc
2021-12-16 14:29:51,594 +0530 [main] INFO  (Main.java:115) - Event Duration : 7
2021-12-16 14:29:51,594 +0530 [main] INFO  (Main.java:116) - Event Type : APPLICATION_LOG
2021-12-16 14:29:51,595 +0530 [main] INFO  (Main.java:117) - Event Host : 12345
2021-12-16 14:29:51,595 +0530 [main] INFO  (Main.java:119) - Event Alert : True
2021-12-16 14:29:51,595 +0530 [main] DEBUG (Main.java:130) - eventData : scsmbstgrc,7,APPLICATION_LOG,12345,True
2021-12-16 14:29:51,596 +0530 [main] INFO  (Main.java:134) - ***************** Insert Data into HSQL DB using gradle task : [insertDataIntoDB] **************
2021-12-16 14:29:51,596 +0530 [main] INFO  (Main.java:152) - Gradle task started...C:\Users\username\solution\gradlew.bat insertDataIntoDB -DeventData=scsmbstgrc,7,APPLICATION_LOG,12345,True
2021-12-16 14:29:51,600 +0530 [main] INFO  (Main.java:155) - Gradle task completed...C:\Users\username\solution\gradlew.bat insertDataIntoDB -DeventData=scsmbstgrc,7,APPLICATION_LOG,12345,True
2021-12-16 14:31:06,333 +0530 [main] INFO  (Main.java:43) - Reading data from the log file... C:\\Users\\username\\solution\\src\\main\\resources\\logs\\logfile.txt
2021-12-16 14:31:06,414 +0530 [main] INFO  (Main.java:55) - Reading data file completed...
2021-12-16 14:31:06,414 +0530 [main] INFO  (Main.java:107) - Finding Longer events and storing them into DB...
2021-12-16 14:31:06,414 +0530 [main] INFO  (DBUtils.java:12) - Creating DB connection...
2021-12-16 14:31:06,414 +0530 [main] INFO  (DBUtils.java:13) - Project root is C:\Users\username\solution
2021-12-16 14:31:06,430 +0530 [main] INFO  (DBUtils.java:18) - DB Connection successful...
2021-12-16 14:31:06,430 +0530 [main] INFO  (Main.java:114) - Event Id : scsmbstgrb
2021-12-16 14:31:06,430 +0530 [main] INFO  (Main.java:115) - Event Duration : 1
2021-12-16 14:31:06,430 +0530 [main] INFO  (Main.java:116) - Event Type : APPLICATION_LOG
2021-12-16 14:31:06,438 +0530 [main] INFO  (Main.java:117) - Event Host : null
2021-12-16 14:31:06,439 +0530 [main] INFO  (Main.java:122) - Event Alert : False
2021-12-16 14:31:06,449 +0530 [main] DEBUG (Main.java:130) - eventData : scsmbstgrb,1,APPLICATION_LOG,null,False
2021-12-16 14:31:06,449 +0530 [main] INFO  (Main.java:134) - ***************** Insert Data into HSQL DB using gradle task : [insertDataIntoDB] **************
2021-12-16 14:31:06,449 +0530 [main] INFO  (Main.java:152) - Gradle task started...C:\Users\username\solution\gradlew.bat insertDataIntoDB -DeventData=scsmbstgrb,1,APPLICATION_LOG,null,False
2021-12-16 14:31:06,455 +0530 [main] INFO  (Main.java:155) - Gradle task completed...C:\Users\username\solution\gradlew.bat insertDataIntoDB -DeventData=scsmbstgrb,1,APPLICATION_LOG,null,False
2021-12-16 14:31:06,455 +0530 [main] INFO  (Main.java:114) - Event Id : scsmbstgrc
2021-12-16 14:31:06,458 +0530 [main] INFO  (Main.java:115) - Event Duration : 7
2021-12-16 14:31:06,458 +0530 [main] INFO  (Main.java:116) - Event Type : APPLICATION_LOG
2021-12-16 14:31:06,458 +0530 [main] INFO  (Main.java:117) - Event Host : 12345
2021-12-16 14:31:06,458 +0530 [main] INFO  (Main.java:119) - Event Alert : True
2021-12-16 14:31:06,458 +0530 [main] DEBUG (Main.java:130) - eventData : scsmbstgrc,7,APPLICATION_LOG,12345,True
2021-12-16 14:31:06,460 +0530 [main] INFO  (Main.java:134) - ***************** Insert Data into HSQL DB using gradle task : [insertDataIntoDB] **************
2021-12-16 14:31:06,460 +0530 [main] INFO  (Main.java:152) - Gradle task started...C:\Users\username\solution\gradlew.bat insertDataIntoDB -DeventData=scsmbstgrc,7,APPLICATION_LOG,12345,True
2021-12-16 14:31:06,466 +0530 [main] INFO  (Main.java:155) - Gradle task completed...C:\Users\username\solution\gradlew.bat insertDataIntoDB -DeventData=scsmbstgrc,7,APPLICATION_LOG,12345,True
2021-12-16 14:34:24,794 +0530 [main] INFO  (Main.java:43) - Reading data from the log file... C:\\Users\\username\\solution\\src\\main\\resources\\logs\\logfile.txt
2021-12-16 14:34:24,865 +0530 [main] INFO  (Main.java:55) - Reading data file completed...
2021-12-16 14:34:24,865 +0530 [main] INFO  (Main.java:107) - Finding Longer events and storing them into DB...
2021-12-16 14:34:24,865 +0530 [main] INFO  (DBUtils.java:12) - Creating DB connection...
2021-12-16 14:34:24,865 +0530 [main] INFO  (DBUtils.java:13) - Project root is C:\Users\username\solution
2021-12-16 14:34:24,879 +0530 [main] INFO  (DBUtils.java:17) - DB Connection successful...
2021-12-16 14:34:24,879 +0530 [main] INFO  (Main.java:114) - Event Id : scsmbstgrb
2021-12-16 14:34:24,879 +0530 [main] INFO  (Main.java:115) - Event Duration : 1
2021-12-16 14:34:24,887 +0530 [main] INFO  (Main.java:116) - Event Type : APPLICATION_LOG
2021-12-16 14:34:24,889 +0530 [main] INFO  (Main.java:117) - Event Host : null
2021-12-16 14:34:24,889 +0530 [main] INFO  (Main.java:122) - Event Alert : False
2021-12-16 14:34:24,902 +0530 [main] DEBUG (Main.java:130) - eventData : scsmbstgrb,1,APPLICATION_LOG,null,False
2021-12-16 14:34:24,902 +0530 [main] INFO  (Main.java:134) - ***************** Insert Data into HSQL DB using gradle task : [insertDataIntoDB] **************
2021-12-16 14:34:24,902 +0530 [main] INFO  (Main.java:156) - Gradle task started...C:\Users\username\solution\gradlew.bat insertDataIntoDB -DeventData=scsmbstgrb,1,APPLICATION_LOG,null,False
2021-12-16 14:34:24,902 +0530 [main] INFO  (Main.java:159) - Gradle task completed...C:\Users\username\solution\gradlew.bat insertDataIntoDB -DeventData=scsmbstgrb,1,APPLICATION_LOG,null,False
2021-12-16 14:34:24,902 +0530 [main] INFO  (Main.java:114) - Event Id : scsmbstgrc
2021-12-16 14:34:24,914 +0530 [main] INFO  (Main.java:115) - Event Duration : 7
2021-12-16 14:34:24,914 +0530 [main] INFO  (Main.java:116) - Event Type : APPLICATION_LOG
2021-12-16 14:34:24,914 +0530 [main] INFO  (Main.java:117) - Event Host : 12345
2021-12-16 14:34:24,914 +0530 [main] INFO  (Main.java:119) - Event Alert : True
2021-12-16 14:34:24,914 +0530 [main] DEBUG (Main.java:130) - eventData : scsmbstgrc,7,APPLICATION_LOG,12345,True
2021-12-16 14:34:24,914 +0530 [main] INFO  (Main.java:134) - ***************** Insert Data into HSQL DB using gradle task : [insertDataIntoDB] **************
2021-12-16 14:34:24,914 +0530 [main] INFO  (Main.java:156) - Gradle task started...C:\Users\username\solution\gradlew.bat insertDataIntoDB -DeventData=scsmbstgrc,7,APPLICATION_LOG,12345,True
2021-12-16 14:34:24,919 +0530 [main] INFO  (Main.java:159) - Gradle task completed...C:\Users\username\solution\gradlew.bat insertDataIntoDB -DeventData=scsmbstgrc,7,APPLICATION_LOG,12345,True
2021-12-16 14:35:08,719 +0530 [main] INFO  (Main.java:43) - Reading data from the log file... C:\\Users\\username\\solution\\src\\main\\resources\\logs\\logfile.txt
2021-12-16 14:35:08,803 +0530 [main] INFO  (Main.java:55) - Reading data file completed...
2021-12-16 14:35:08,803 +0530 [main] INFO  (Main.java:107) - Finding Longer events and storing them into DB...
2021-12-16 14:35:08,811 +0530 [main] INFO  (DBUtils.java:12) - Creating DB connection...
2021-12-16 14:35:08,811 +0530 [main] INFO  (DBUtils.java:13) - Project root is C:\Users\username\solution
2021-12-16 14:35:08,820 +0530 [main] INFO  (DBUtils.java:17) - DB Connection successful...
2021-12-16 14:35:08,820 +0530 [main] INFO  (Main.java:114) - Event Id : scsmbstgrb
2021-12-16 14:35:08,830 +0530 [main] INFO  (Main.java:115) - Event Duration : 1
2021-12-16 14:35:08,831 +0530 [main] INFO  (Main.java:116) - Event Type : APPLICATION_LOG
2021-12-16 14:35:08,831 +0530 [main] INFO  (Main.java:117) - Event Host : null
2021-12-16 14:35:08,831 +0530 [main] INFO  (Main.java:122) - Event Alert : False
2021-12-16 14:35:08,847 +0530 [main] DEBUG (Main.java:130) - eventData : scsmbstgrb,1,APPLICATION_LOG,null,False
2021-12-16 14:35:08,847 +0530 [main] INFO  (Main.java:134) - ***************** Insert Data into HSQL DB using gradle task : [insertDataIntoDB] **************
2021-12-16 14:35:08,854 +0530 [main] INFO  (Main.java:156) - Gradle task started...C:\Users\username\solution\gradlew.bat insertDataIntoDB -DeventData=scsmbstgrb,1,APPLICATION_LOG,null,False
2021-12-16 14:35:08,859 +0530 [main] INFO  (Main.java:159) - Gradle task completed...C:\Users\username\solution\gradlew.bat insertDataIntoDB -DeventData=scsmbstgrb,1,APPLICATION_LOG,null,False
2021-12-16 14:35:08,859 +0530 [main] INFO  (Main.java:114) - Event Id : scsmbstgrc
2021-12-16 14:35:08,861 +0530 [main] INFO  (Main.java:115) - Event Duration : 7
2021-12-16 14:35:08,862 +0530 [main] INFO  (Main.java:116) - Event Type : APPLICATION_LOG
2021-12-16 14:35:08,862 +0530 [main] INFO  (Main.java:117) - Event Host : 12345
2021-12-16 14:35:08,862 +0530 [main] INFO  (Main.java:119) - Event Alert : True
2021-12-16 14:35:08,862 +0530 [main] DEBUG (Main.java:130) - eventData : scsmbstgrc,7,APPLICATION_LOG,12345,True
2021-12-16 14:35:08,863 +0530 [main] INFO  (Main.java:134) - ***************** Insert Data into HSQL DB using gradle task : [insertDataIntoDB] **************
2021-12-16 14:35:08,863 +0530 [main] INFO  (Main.java:156) - Gradle task started...C:\Users\username\solution\gradlew.bat insertDataIntoDB -DeventData=scsmbstgrc,7,APPLICATION_LOG,12345,True
2021-12-16 14:35:08,869 +0530 [main] INFO  (Main.java:159) - Gradle task completed...C:\Users\username\solution\gradlew.bat insertDataIntoDB -DeventData=scsmbstgrc,7,APPLICATION_LOG,12345,True
